{"code":500,"level":"error","message":"Внутренняя ошибка сервера.","service":"pickapp-service","timestamp":"2024-11-24T18:42:12.967Z"}
{"code":500,"level":"error","message":"Внутренняя ошибка сервера.","service":"pickapp-service","timestamp":"2024-11-24T18:44:34.079Z"}
{"code":500,"level":"error","message":"Внутренняя ошибка сервера.","service":"pickapp-service","timestamp":"2024-11-24T18:44:44.462Z"}
{"code":500,"level":"error","message":"Внутренняя ошибка сервера.","service":"pickapp-service","timestamp":"2024-11-24T18:45:30.659Z"}
{"code":500,"level":"error","message":"Внутренняя ошибка сервера.","service":"pickapp-service","timestamp":"2024-11-24T18:46:12.903Z"}
{"code":500,"level":"error","message":"Внутренняя ошибка сервера.","service":"pickapp-service","timestamp":"2024-11-24T18:53:36.731Z"}
{"code":500,"level":"error","message":"Внутренняя ошибка сервера.","service":"pickapp-service","timestamp":"2024-11-24T18:55:42.215Z"}
{"code":500,"level":"error","message":"Внутренняя ошибка сервера.","service":"pickapp-service","timestamp":"2024-11-24T18:55:44.572Z"}
{"code":500,"level":"error","message":"Внутренняя ошибка сервера.","service":"pickapp-service","timestamp":"2024-12-03T18:21:31.098Z"}
{"code":500,"level":"error","message":"Внутренняя ошибка сервера.","service":"pickapp-service","timestamp":"2025-01-06T21:02:58.456Z"}
{"code":500,"level":"error","message":"Внутренняя ошибка сервера.","service":"pickapp-service","timestamp":"2025-01-11T19:48:58.058Z"}
{"code":500,"level":"error","message":"Внутренняя ошибка сервера.","service":"pickapp-service","timestamp":"2025-01-25T10:33:14.853Z"}
{"code":500,"level":"error","message":"Внутренняя ошибка сервера.","service":"pickapp-service","timestamp":"2025-01-25T10:50:40.750Z"}
{"code":500,"level":"error","message":"Внутренняя ошибка сервера.","service":"pickapp-service","timestamp":"2025-01-25T10:52:18.895Z"}
{"code":500,"level":"error","message":"Внутренняя ошибка сервера.","service":"pickapp-service","timestamp":"2025-01-25T10:53:44.135Z"}
{"code":500,"level":"error","message":"Внутренняя ошибка сервера.","service":"pickapp-service","timestamp":"2025-01-25T10:54:01.549Z"}
{"code":500,"level":"error","message":"Внутренняя ошибка сервера.","service":"pickapp-service","timestamp":"2025-02-08T10:15:36.855Z"}
{"code":500,"level":"error","message":"Внутренняя ошибка сервера.","service":"pickapp-service","timestamp":"2025-02-08T10:15:36.923Z"}
{"code":500,"level":"error","message":"Внутренняя ошибка сервера.","service":"pickapp-service","timestamp":"2025-02-08T10:15:37.035Z"}
{"code":500,"level":"error","message":"Внутренняя ошибка сервера.","service":"pickapp-service","timestamp":"2025-02-08T10:15:37.291Z"}
{"code":500,"level":"error","message":"Внутренняя ошибка сервера.","service":"pickapp-service","timestamp":"2025-02-08T10:15:37.493Z"}
{"code":500,"level":"error","message":"Внутренняя ошибка сервера.","service":"pickapp-service","timestamp":"2025-02-08T10:15:40.188Z"}
{"code":500,"level":"error","message":"Внутренняя ошибка сервера.","service":"pickapp-service","timestamp":"2025-02-08T10:15:40.372Z"}
{"code":500,"level":"error","message":"Внутренняя ошибка сервера.","service":"pickapp-service","timestamp":"2025-02-08T10:15:40.465Z"}
{"code":500,"level":"error","message":"Внутренняя ошибка сервера.","service":"pickapp-service","timestamp":"2025-02-08T10:15:40.657Z"}
{"code":500,"level":"error","message":"Внутренняя ошибка сервера.","service":"pickapp-service","timestamp":"2025-02-08T10:15:40.758Z"}
{"code":500,"level":"error","message":"Внутренняя ошибка сервера.","service":"pickapp-service","timestamp":"2025-02-08T10:15:41.045Z"}
{"code":500,"level":"error","message":"Внутренняя ошибка сервера.","service":"pickapp-service","timestamp":"2025-02-08T10:15:41.994Z"}
{"code":500,"level":"error","message":"Внутренняя ошибка сервера.","service":"pickapp-service","timestamp":"2025-02-08T10:15:44.418Z"}
{"code":500,"level":"error","message":"Внутренняя ошибка сервера.","service":"pickapp-service","timestamp":"2025-02-08T10:18:57.567Z"}
{"code":500,"level":"error","message":"Внутренняя ошибка сервера.","service":"pickapp-service","timestamp":"2025-02-08T10:19:24.390Z"}
{"code":500,"level":"error","message":"Внутренняя ошибка сервера.","service":"pickapp-service","timestamp":"2025-02-08T10:19:24.551Z"}
{"code":500,"level":"error","message":"Внутренняя ошибка сервера.","service":"pickapp-service","timestamp":"2025-02-08T10:19:25.273Z"}
{"code":500,"level":"error","message":"Внутренняя ошибка сервера.","service":"pickapp-service","timestamp":"2025-02-08T10:19:27.618Z"}
{"code":500,"level":"error","message":"Внутренняя ошибка сервера.","service":"pickapp-service","timestamp":"2025-02-08T10:19:44.873Z"}
{"code":500,"level":"error","message":"Внутренняя ошибка сервера.","service":"pickapp-service","timestamp":"2025-02-08T10:20:17.726Z"}
{"code":500,"level":"error","message":"Внутренняя ошибка сервера.","service":"pickapp-service","timestamp":"2025-02-08T10:20:18.862Z"}
{"code":500,"level":"error","message":"Внутренняя ошибка сервера.","service":"pickapp-service","timestamp":"2025-02-08T10:20:19.602Z"}
{"code":500,"level":"error","message":"Внутренняя ошибка сервера.","service":"pickapp-service","timestamp":"2025-02-08T10:21:44.159Z"}
{"code":500,"level":"error","message":"Внутренняя ошибка сервера.","service":"pickapp-service","timestamp":"2025-02-08T10:21:48.302Z"}
{"code":500,"level":"error","message":"Внутренняя ошибка сервера.","service":"pickapp-service","timestamp":"2025-02-08T10:21:57.668Z"}
{"code":500,"level":"error","message":"Внутренняя ошибка сервера.","service":"pickapp-service","timestamp":"2025-02-08T10:21:57.846Z"}
{"code":500,"level":"error","message":"Внутренняя ошибка сервера.","service":"pickapp-service","timestamp":"2025-02-08T10:21:58.065Z"}
{"code":500,"level":"error","message":"Внутренняя ошибка сервера.","service":"pickapp-service","timestamp":"2025-02-08T10:22:54.959Z"}
{"code":500,"level":"error","message":"Внутренняя ошибка сервера.","service":"pickapp-service","timestamp":"2025-02-08T10:23:06.142Z"}
{"code":500,"level":"error","message":"Внутренняя ошибка сервера.","service":"pickapp-service","timestamp":"2025-02-08T10:23:43.224Z"}
{"code":500,"level":"error","message":"Внутренняя ошибка сервера.","service":"pickapp-service","timestamp":"2025-02-08T11:34:19.524Z"}
{"code":500,"level":"error","message":"Внутренняя ошибка сервера.","service":"pickapp-service","timestamp":"2025-02-08T11:34:22.429Z"}
{"code":500,"level":"error","message":"Внутренняя ошибка сервера.","service":"pickapp-service","timestamp":"2025-02-08T11:34:23.739Z"}
{"code":500,"level":"error","message":"Внутренняя ошибка сервера.","service":"pickapp-service","timestamp":"2025-02-08T11:34:24.023Z"}
{"code":500,"level":"error","message":"Внутренняя ошибка сервера.","service":"pickapp-service","timestamp":"2025-02-08T11:34:26.786Z"}
{"code":500,"level":"error","message":"Внутренняя ошибка сервера.","service":"pickapp-service","timestamp":"2025-02-08T11:34:27.992Z"}
{"code":500,"level":"error","message":"Внутренняя ошибка сервера.","service":"pickapp-service","timestamp":"2025-02-08T11:34:28.704Z"}
{"code":500,"level":"error","message":"Внутренняя ошибка сервера.","service":"pickapp-service","timestamp":"2025-02-08T11:34:29.424Z"}
{"code":500,"level":"error","message":"Внутренняя ошибка сервера.","service":"pickapp-service","timestamp":"2025-02-08T11:34:30.332Z"}
{"code":500,"level":"error","message":"Внутренняя ошибка сервера.","service":"pickapp-service","timestamp":"2025-02-08T11:34:52.458Z"}
{"code":500,"level":"error","message":"Внутренняя ошибка сервера.","service":"pickapp-service","timestamp":"2025-02-09T18:30:50.235Z"}
{"code":"42883","file":"parse_oper.c","hint":"No operator matches the given name and argument types. You might need to add explicit type casts.","length":202,"level":"error","line":"647","message":"operator does not exist: bigint = boolean","name":"error","position":"270","routine":"op_error","service":"pickapp-service","severity":"ERROR","stack":"error: operator does not exist: bigint = boolean\n    at Parser.parseErrorMessage (C:\\Distrib\\TZ\\ClientService\\node_modules\\pg-protocol\\dist\\parser.js:283:98)\n    at Parser.handlePacket (C:\\Distrib\\TZ\\ClientService\\node_modules\\pg-protocol\\dist\\parser.js:122:29)\n    at Parser.parse (C:\\Distrib\\TZ\\ClientService\\node_modules\\pg-protocol\\dist\\parser.js:35:38)\n    at Socket.<anonymous> (C:\\Distrib\\TZ\\ClientService\\node_modules\\pg-protocol\\dist\\index.js:11:42)\n    at Socket.emit (events.js:315:20)\n    at addChunk (internal/streams/readable.js:309:12)\n    at readableAddChunk (internal/streams/readable.js:284:9)\n    at Socket.Readable.push (internal/streams/readable.js:223:10)\n    at TCP.onStreamRead (internal/stream_base_commons.js:188:23)\n    at TCP.callbackTrampoline (internal/async_hooks.js:131:14)","timestamp":"2025-02-09T18:36:08.097Z"}
{"code":500,"level":"error","message":"Внутренняя ошибка сервера.","service":"pickapp-service","timestamp":"2025-02-09T18:36:08.104Z"}
{"code":"42883","file":"parse_oper.c","hint":"No operator matches the given name and argument types. You might need to add explicit type casts.","length":202,"level":"error","line":"647","message":"operator does not exist: bigint = boolean","name":"error","position":"270","routine":"op_error","service":"pickapp-service","severity":"ERROR","stack":"error: operator does not exist: bigint = boolean\n    at Parser.parseErrorMessage (C:\\Distrib\\TZ\\ClientService\\node_modules\\pg-protocol\\dist\\parser.js:283:98)\n    at Parser.handlePacket (C:\\Distrib\\TZ\\ClientService\\node_modules\\pg-protocol\\dist\\parser.js:122:29)\n    at Parser.parse (C:\\Distrib\\TZ\\ClientService\\node_modules\\pg-protocol\\dist\\parser.js:35:38)\n    at Socket.<anonymous> (C:\\Distrib\\TZ\\ClientService\\node_modules\\pg-protocol\\dist\\index.js:11:42)\n    at Socket.emit (events.js:315:20)\n    at addChunk (internal/streams/readable.js:309:12)\n    at readableAddChunk (internal/streams/readable.js:284:9)\n    at Socket.Readable.push (internal/streams/readable.js:223:10)\n    at TCP.onStreamRead (internal/stream_base_commons.js:188:23)\n    at TCP.callbackTrampoline (internal/async_hooks.js:131:14)","timestamp":"2025-02-09T18:36:23.344Z"}
{"code":500,"level":"error","message":"Внутренняя ошибка сервера.","service":"pickapp-service","timestamp":"2025-02-09T18:36:23.350Z"}
{"code":"42883","file":"parse_oper.c","hint":"No operator matches the given name and argument types. You might need to add explicit type casts.","length":202,"level":"error","line":"647","message":"operator does not exist: bigint = boolean","name":"error","position":"270","routine":"op_error","service":"pickapp-service","severity":"ERROR","stack":"error: operator does not exist: bigint = boolean\n    at Parser.parseErrorMessage (C:\\Distrib\\TZ\\ClientService\\node_modules\\pg-protocol\\dist\\parser.js:283:98)\n    at Parser.handlePacket (C:\\Distrib\\TZ\\ClientService\\node_modules\\pg-protocol\\dist\\parser.js:122:29)\n    at Parser.parse (C:\\Distrib\\TZ\\ClientService\\node_modules\\pg-protocol\\dist\\parser.js:35:38)\n    at Socket.<anonymous> (C:\\Distrib\\TZ\\ClientService\\node_modules\\pg-protocol\\dist\\index.js:11:42)\n    at Socket.emit (events.js:315:20)\n    at addChunk (internal/streams/readable.js:309:12)\n    at readableAddChunk (internal/streams/readable.js:284:9)\n    at Socket.Readable.push (internal/streams/readable.js:223:10)\n    at TCP.onStreamRead (internal/stream_base_commons.js:188:23)\n    at TCP.callbackTrampoline (internal/async_hooks.js:131:14)","timestamp":"2025-02-09T18:37:27.913Z"}
{"code":500,"level":"error","message":"Внутренняя ошибка сервера.","service":"pickapp-service","timestamp":"2025-02-09T18:37:27.916Z"}
{"code":500,"level":"error","message":"Внутренняя ошибка сервера.","service":"pickapp-service","timestamp":"2025-02-11T19:37:27.441Z"}
{"code":500,"level":"error","message":"Внутренняя ошибка сервера.","service":"pickapp-service","timestamp":"2025-02-11T19:40:54.769Z"}
{"code":500,"level":"error","message":"Внутренняя ошибка сервера.","service":"pickapp-service","timestamp":"2025-02-11T19:58:49.150Z"}
{"code":500,"level":"error","message":"Внутренняя ошибка сервера.","service":"pickapp-service","timestamp":"2025-02-11T19:59:16.511Z"}
{"code":500,"level":"error","message":"Внутренняя ошибка сервера.","service":"pickapp-service","timestamp":"2025-02-11T19:59:54.391Z"}
{"code":500,"level":"error","message":"Внутренняя ошибка сервера.","service":"pickapp-service","timestamp":"2025-02-11T20:00:11.331Z"}
{"code":500,"level":"error","message":"Внутренняя ошибка сервера.","service":"pickapp-service","timestamp":"2025-02-11T20:07:04.979Z"}
{"code":500,"level":"error","message":"Внутренняя ошибка сервера.","service":"pickapp-service","timestamp":"2025-02-11T20:08:40.187Z"}
{"code":500,"level":"error","message":"Внутренняя ошибка сервера.","service":"pickapp-service","timestamp":"2025-02-11T20:14:21.202Z"}
{"code":500,"level":"error","message":"Внутренняя ошибка сервера.","service":"pickapp-service","timestamp":"2025-02-17T21:15:42.996Z"}
{"level":"error","message":"Error fetching media for userId 10000000: RecoHelper is not defined","service":"pickapp-service","timestamp":"2025-02-17T21:17:13.134Z"}
{"code":500,"level":"error","message":"Внутренняя ошибка сервера.","service":"pickapp-service","timestamp":"2025-02-17T21:17:13.142Z"}
{"code":500,"level":"error","message":"Внутренняя ошибка сервера.","service":"pickapp-service","timestamp":"2025-02-17T21:20:06.419Z"}
{"code":500,"level":"error","message":"Внутренняя ошибка сервера.","service":"pickapp-service","timestamp":"2025-02-18T19:18:47.996Z"}
{"code":500,"level":"error","message":"Внутренняя ошибка сервера.","service":"pickapp-service","timestamp":"2025-02-18T19:19:27.596Z"}
{"level":"error","message":"Connection terminated due to connection timeout","service":"pickapp-service","stack":"Error: Connection terminated due to connection timeout\n    at Connection.<anonymous> (C:\\Distrib\\TZ\\ClientService\\node_modules\\pg\\lib\\client.js:131:73)\n    at Object.onceWrapper (events.js:421:28)\n    at Connection.emit (events.js:315:20)\n    at Socket.<anonymous> (C:\\Distrib\\TZ\\ClientService\\node_modules\\pg\\lib\\connection.js:62:12)\n    at Socket.emit (events.js:315:20)\n    at TCP.<anonymous> (net.js:673:12)\n    at TCP.callbackTrampoline (internal/async_hooks.js:131:14)","timestamp":"2025-02-18T19:23:30.544Z"}
{"code":500,"level":"error","message":"Внутренняя ошибка сервера.","service":"pickapp-service","timestamp":"2025-02-18T19:23:30.554Z"}
{"level":"error","message":"Connection terminated due to connection timeout","service":"pickapp-service","stack":"Error: Connection terminated due to connection timeout\n    at Connection.<anonymous> (C:\\Distrib\\TZ\\ClientService\\node_modules\\pg\\lib\\client.js:131:73)\n    at Object.onceWrapper (events.js:421:28)\n    at Connection.emit (events.js:315:20)\n    at Socket.<anonymous> (C:\\Distrib\\TZ\\ClientService\\node_modules\\pg\\lib\\connection.js:62:12)\n    at Socket.emit (events.js:315:20)\n    at TCP.<anonymous> (net.js:673:12)\n    at TCP.callbackTrampoline (internal/async_hooks.js:131:14)","timestamp":"2025-02-18T19:23:35.214Z"}
{"code":500,"level":"error","message":"Внутренняя ошибка сервера.","service":"pickapp-service","timestamp":"2025-02-18T19:23:35.220Z"}
{"code":500,"level":"error","message":"Внутренняя ошибка сервера.","service":"pickapp-service","timestamp":"2025-02-18T19:48:31.379Z"}
{"code":"23505","constraint":"product_profile_media_storage_unique","detail":"Key (user_id)=(10000000) already exists.","file":"nbtinsert.c","length":279,"level":"error","line":"664","message":"duplicate key value violates unique constraint \"product_profile_media_storage_unique\"","name":"error","routine":"_bt_check_unique","schema":"pa_client_service","service":"pickapp-service","severity":"ERROR","stack":"error: duplicate key value violates unique constraint \"product_profile_media_storage_unique\"\n    at Parser.parseErrorMessage (C:\\Distrib\\TZ\\ClientService\\node_modules\\pg-protocol\\dist\\parser.js:283:98)\n    at Parser.handlePacket (C:\\Distrib\\TZ\\ClientService\\node_modules\\pg-protocol\\dist\\parser.js:122:29)\n    at Parser.parse (C:\\Distrib\\TZ\\ClientService\\node_modules\\pg-protocol\\dist\\parser.js:35:38)\n    at Socket.<anonymous> (C:\\Distrib\\TZ\\ClientService\\node_modules\\pg-protocol\\dist\\index.js:11:42)\n    at Socket.emit (events.js:315:20)\n    at addChunk (internal/streams/readable.js:309:12)\n    at readableAddChunk (internal/streams/readable.js:284:9)\n    at Socket.Readable.push (internal/streams/readable.js:223:10)\n    at TCP.onStreamRead (internal/stream_base_commons.js:188:23)\n    at TCP.callbackTrampoline (internal/async_hooks.js:131:14)","table":"product_profile_media_storage","timestamp":"2025-02-18T19:48:41.057Z"}
{"level":"error","message":"Error fetching media for userId 10000000: duplicate key value violates unique constraint \"product_profile_media_storage_unique\"","service":"pickapp-service","timestamp":"2025-02-18T19:48:41.061Z"}
{"code":"23505","constraint":"product_profile_media_storage_unique","detail":"Key (user_id)=(10000000) already exists.","file":"nbtinsert.c","length":279,"level":"error","line":"664","message":"duplicate key value violates unique constraint \"product_profile_media_storage_unique\"","name":"error","routine":"_bt_check_unique","schema":"pa_client_service","service":"pickapp-service","severity":"ERROR","stack":"error: duplicate key value violates unique constraint \"product_profile_media_storage_unique\"\n    at Parser.parseErrorMessage (C:\\Distrib\\TZ\\ClientService\\node_modules\\pg-protocol\\dist\\parser.js:283:98)\n    at Parser.handlePacket (C:\\Distrib\\TZ\\ClientService\\node_modules\\pg-protocol\\dist\\parser.js:122:29)\n    at Parser.parse (C:\\Distrib\\TZ\\ClientService\\node_modules\\pg-protocol\\dist\\parser.js:35:38)\n    at Socket.<anonymous> (C:\\Distrib\\TZ\\ClientService\\node_modules\\pg-protocol\\dist\\index.js:11:42)\n    at Socket.emit (events.js:315:20)\n    at addChunk (internal/streams/readable.js:309:12)\n    at readableAddChunk (internal/streams/readable.js:284:9)\n    at Socket.Readable.push (internal/streams/readable.js:223:10)\n    at TCP.onStreamRead (internal/stream_base_commons.js:188:23)\n    at TCP.callbackTrampoline (internal/async_hooks.js:131:14)","table":"product_profile_media_storage","timestamp":"2025-02-18T19:49:32.690Z"}
{"level":"error","message":"Error fetching media for userId 10000000: duplicate key value violates unique constraint \"product_profile_media_storage_unique\"","service":"pickapp-service","timestamp":"2025-02-18T19:49:32.696Z"}
